<?xml version="1.0" encoding="UTF-8"?>
<!-- Generated by org.testng.reporters.JUnitXMLReporter -->
<testsuite hostname="Droid-7-PC" ignored="0" name="Test" tests="50" failures="0" timestamp="21 May 2020 09:56:00 GMT" time="7210.072" errors="0">
  <testcase name="SelectWhoYouAre_PageOpensUpOnOpenningURL" time="0.041" classname="com.ocr.qa.tests.SelectWhoAreYouPageTest"/>
  <testcase name="SignUpPageOpensUp_OnClickingSIGNUPlink" time="11.045" classname="com.ocr.qa.tests.SignUpPageTest"/>
  <testcase name="AddPatientAfterEnteringMandatoryDetails_OnAddPatientPage" time="87.571" classname="com.ocr.qa.tests.PatienthistorypageTest"/>
  <testcase name="SignInToOneClickReferral_TitleAppearsOnLoginPage" time="1.06" classname="com.ocr.qa.tests.LoginpageTest"/>
  <testcase name="OneClickReferral_ImageLogoAppersOnSelectWhoYouArePage" time="0.053" classname="com.ocr.qa.tests.SelectWhoAreYouPageTest"/>
  <testcase name="OCRLogoAppears_OnSignUpPage" time="1.078" classname="com.ocr.qa.tests.SignUpPageTest"/>
  <testcase name="AllAddedDetailsOfPatientAppears_OnPatientHistoryPage" time="95.777" classname="com.ocr.qa.tests.PatienthistorypageTest"/>
  <testcase name="OCRLogoAppears_OnLoginPage" time="0.126" classname="com.ocr.qa.tests.LoginpageTest"/>
  <testcase name="CorrectInformationMessageAppears_OnEnteringNonExistingDetailsInSearchField" time="2.271" classname="com.ocr.qa.tests.SelectWhoAreYouPageTest"/>
  <testcase name="ValidationMessageAppearsOnLeaving_MandatoryFieldsBlankUnderSignUpPage" time="16.047" classname="com.ocr.qa.tests.SignUpPageTest"/>
  <testcase name="UploadProfilePicturePopupOpensUp_OnClickingCameraIcon" time="64.337" classname="com.ocr.qa.tests.PatienthistorypageTest"/>
  <testcase name="LoginAfterEnteringValidCredentials_OnLoginPage" time="3.578" classname="com.ocr.qa.tests.LoginpageTest"/>
  <testcase name="DentistNameAppears_OnEnteringExistingDetailsInSearchField" time="3.399" classname="com.ocr.qa.tests.SelectWhoAreYouPageTest"/>
  <testcase name="ValidationMessageAppearsOnEnteringLess_Than10DigitInWorkPhoneMandatoryFieldsBlankUnderSignUpPage" time="6.36" classname="com.ocr.qa.tests.SignUpPageTest"/>
  <testcase name="UserIsAbleToUploadPatient_ProfileImageUnderPatientHistoryPage" time="82.396" classname="com.ocr.qa.tests.PatienthistorypageTest"/>
  <testcase name="RecordlincForgotPasswordPageOpensUp_OnClickingForgotPasswordLinkOnLoginPage" time="5.121" classname="com.ocr.qa.tests.LoginpageTest"/>
  <testcase name="PricingOneClickSignUpPage_OpensUpOnClickingSignUplink" time="8.222" classname="com.ocr.qa.tests.SelectWhoAreYouPageTest"/>
  <testcase name="ValidationMessageAppearsOnEnteringMore_Than10DigitInWorkPhoneMandatoryFieldsBlankUnderSignUpPage" time="6.345" classname="com.ocr.qa.tests.SignUpPageTest"/>
  <testcase name="UpdatePatientDetailsUnder_PatientDetailsSectionOnPatientHistoryPage" time="105.128" classname="com.ocr.qa.tests.PatienthistorypageTest"/>
  <testcase name="LoginPageOpensUp_OnClickingLoginlink" time="4.784" classname="com.ocr.qa.tests.SelectWhoAreYouPageTest"/>
  <testcase name="ValidationMessageAppearsOnEntering_InvalidEmailAddressInEmailTextfieldOnSignUpPage" time="6.325" classname="com.ocr.qa.tests.SignUpPageTest"/>
  <testcase name="SendReferralPageOpensUpOnClicking_ReferPatientIconOnPatientHistoryPage" time="39.527" classname="com.ocr.qa.tests.PatienthistorypageTest"/>
  <testcase name="ValidationMessageAppearsOnEnteringAlready_RegisteredEmailAddressInEmailTextfieldOnSignUpPage" time="16.211" classname="com.ocr.qa.tests.SignUpPageTest"/>
  <testcase name="DentistMovesToThePatientFormsSection_OnClickingPatientFormsIcon" time="77.743" classname="com.ocr.qa.tests.PatienthistorypageTest"/>
  <testcase name="ValidationMessageAppearsIfTheEnteredPassword_InPasswordFieldDoesNotMeetThePasswordCriteriaOnSignUpPage" time="5.327" classname="com.ocr.qa.tests.SignUpPageTest"/>
  <testcase name="PrintallButtonIsNotFunctional_WhenNoDetailsAvailableInCommunicationsSection" time="99.635" classname="com.ocr.qa.tests.PatienthistorypageTest"/>
  <testcase name="VerifyThatSpecialtyPageOpensUp_OnClickingNEXTButtonUnderSignUpPage" time="19.052" classname="com.ocr.qa.tests.SignUpPageTest"/>
  <testcase name="AllAddedColleaguesNameAppeaOnEnteringCharIn_SearchColleagueFieldUnderCommunicationsSection" time="39.556" classname="com.ocr.qa.tests.PatienthistorypageTest"/>
  <testcase name="VerifyThatUserIsAbleToSelectASpecialty_OnClickingSelectASpecialityDropdownOnSpecialtyPage" time="24.489" classname="com.ocr.qa.tests.SignUpPageTest"/>
  <testcase name="UserIsAbleToSelectMultipleColleaguesIn_SearchColleagueFieldUnderCommunicationsSection" time="102.679" classname="com.ocr.qa.tests.PatienthistorypageTest"/>
  <testcase name="VerifyThatUserIsAbleToSelectAMultipleSpecialty_OnClickingSelectASpecialityDropdownOnSpecialtyPage" time="27.594" classname="com.ocr.qa.tests.SignUpPageTest"/>
  <testcase name="UserIsAbleToSendMessageAfterSelectingColleagueAndEntering_TextUnderCommunicationSection" time="101.121" classname="com.ocr.qa.tests.PatienthistorypageTest"/>
  <testcase name="ValidationMessageAppearsOnLeavingSelectA_SpecialtyMandatoryFieldBlankUnderSpecialtyPage" time="18.366" classname="com.ocr.qa.tests.SignUpPageTest"/>
  <testcase name="PrintAllCommunicationDetailsOnClicking_PrintAllButtonUnderCommunicationsSection" time="44.206" classname="com.ocr.qa.tests.PatienthistorypageTest"/>
  <testcase name="PatientReferralFromDentistNamePopupOpensUp_OnClickingReferralTypeUnderCommunicationsSection" time="91.861" classname="com.ocr.qa.tests.PatienthistorypageTest"/>
  <testcase name="VerifyThatSignUpPageOpensUpOnClicking_PREVIOUSButtonUnderSpecialtyPage" time="26.304" classname="com.ocr.qa.tests.SignUpPageTest"/>
  <testcase name="PatientReferralFromDentistNamePopupOpensUp_OnClickingMessageTypeUnderCommunicationsSection" time="112.883" classname="com.ocr.qa.tests.PatienthistorypageTest"/>
  <testcase name="VerifyThatSelectedSpecialtyStillAppears_OnSpecialtyPageAfterClickingNEXTButtonUnderSignUppage" time="32.5" classname="com.ocr.qa.tests.SignUpPageTest"/>
  <testcase name="PrintMessageDetailsOnClicking_PrintLinkUnderCommunicationsSection" time="95.233" classname="com.ocr.qa.tests.PatienthistorypageTest"/>
  <testcase name="VerifyThatUserIsAbleToEnterPractice_NameInPracticeNameTextfieldOnSpecialtyPage" time="41.655" classname="com.ocr.qa.tests.SignUpPageTest"/>
  <testcase name="DentistIsAbleToExportAllPatientFilesOn_ClickingExportFileBtn" time="91.173" classname="com.ocr.qa.tests.PatienthistorypageTest"/>
  <testcase name="VerifyThatUserIsAbleToSubmitSignUp_DetailsOnClickingFINISHButtonUnderSpecialtyPage" time="24.726" classname="com.ocr.qa.tests.SignUpPageTest"/>
  <testcase name="DentistIsAbleToUploadValidFilesOn_ClickingAttachFilesBtn" time="128.275" classname="com.ocr.qa.tests.PatienthistorypageTest"/>
  <testcase name="ValidationMsgAppearsOnUploading_InvalidFileUnderPatientFilesSection" time="99.891" classname="com.ocr.qa.tests.PatienthistorypageTest"/>
  <testcase name="DownloadAttachedFileOn_ClickingDownloadIcon" time="117.808" classname="com.ocr.qa.tests.PatienthistorypageTest"/>
  <testcase name="DeleteAttachedFileOn_ClickingDeleteIcon" time="160.632" classname="com.ocr.qa.tests.PatienthistorypageTest"/>
  <testcase name="AllAddedDetailsAppear_AutofillUnderPatientsFormsSection" time="99.268" classname="com.ocr.qa.tests.PatienthistorypageTest"/>
  <testcase name="ValidationMsgAppearsOnLeavingMandatoryFieldsBlank_UnderPatientInformationSection" time="64.254" classname="com.ocr.qa.tests.PatienthistorypageTest"/>
  <testcase name="SuccessMsgAppearsOnClickingSubmitBtn_AfterEnteringValidDetailsUnderPersonalInfoSection" time="54.999" classname="com.ocr.qa.tests.PatienthistorypageTest"/>
  <testcase name="SavedetailsInDentalInsuranceMedicalHistory_AndDentalHistorySectionsOnPatientHistoryPage" time="94.28" classname="com.ocr.qa.tests.PatienthistorypageTest"/>
</testsuite> <!-- Test -->
